ARM GAS  C:\Users\jandr\AppData\Local\Temp\ccDMYtp9.s 			page 1


   1              		.cpu cortex-m7
   2              		.eabi_attribute 28, 1
   3              		.eabi_attribute 20, 1
   4              		.eabi_attribute 21, 1
   5              		.eabi_attribute 23, 3
   6              		.eabi_attribute 24, 1
   7              		.eabi_attribute 25, 1
   8              		.eabi_attribute 26, 1
   9              		.eabi_attribute 30, 6
  10              		.eabi_attribute 34, 1
  11              		.eabi_attribute 18, 4
  12              		.file	"encodercontrol.cpp"
  13              		.text
  14              	.Ltext0:
  15              		.cfi_sections	.debug_frame
  16              		.section	.text._ZN5daisy11clasEncoder4InitE12dsy_gpio_pinS1_S1_f,"ax",%progbits
  17              		.align	1
  18              		.global	_ZN5daisy11clasEncoder4InitE12dsy_gpio_pinS1_S1_f
  19              		.arch armv7e-m
  20              		.syntax unified
  21              		.thumb
  22              		.thumb_func
  23              		.fpu fpv5-d16
  25              	_ZN5daisy11clasEncoder4InitE12dsy_gpio_pinS1_S1_f:
  26              	.LFB618:
  27              		.file 1 "encodercontrol.cpp"
   1:encodercontrol.cpp **** #include "encodercontrol.h"
   2:encodercontrol.cpp **** 
   3:encodercontrol.cpp **** using namespace daisy;
   4:encodercontrol.cpp **** 
   5:encodercontrol.cpp **** void clasEncoder::Init(dsy_gpio_pin a,
   6:encodercontrol.cpp ****                    dsy_gpio_pin b,
   7:encodercontrol.cpp ****                    dsy_gpio_pin click,
   8:encodercontrol.cpp ****                    float        update_rate)
   9:encodercontrol.cpp **** {
  28              		.loc 1 9 1
  29              		.cfi_startproc
  30              		@ args = 0, pretend = 0, frame = 24
  31              		@ frame_needed = 1, uses_anonymous_args = 0
  32 0000 80B5     		push	{r7, lr}
  33              		.cfi_def_cfa_offset 8
  34              		.cfi_offset 7, -8
  35              		.cfi_offset 14, -4
  36 0002 88B0     		sub	sp, sp, #32
  37              		.cfi_def_cfa_offset 40
  38 0004 02AF     		add	r7, sp, #8
  39              		.cfi_def_cfa 7, 32
  40 0006 7861     		str	r0, [r7, #20]
  41 0008 3982     		strh	r1, [r7, #16]	@ movhi
  42 000a BA81     		strh	r2, [r7, #12]	@ movhi
  43 000c 3B81     		strh	r3, [r7, #8]	@ movhi
  44 000e 87ED010A 		vstr.32	s0, [r7, #4]
  10:encodercontrol.cpp ****     last_update_ = System::GetNow();
  45              		.loc 1 10 34
  46 0012 FFF7FEFF 		bl	_ZN5daisy6System6GetNowEv
  47 0016 0246     		mov	r2, r0
  48              		.loc 1 10 18
ARM GAS  C:\Users\jandr\AppData\Local\Temp\ccDMYtp9.s 			page 2


  49 0018 7B69     		ldr	r3, [r7, #20]
  50 001a 1A60     		str	r2, [r3]
  11:encodercontrol.cpp ****     updated_     = false;
  51              		.loc 1 11 18
  52 001c 7B69     		ldr	r3, [r7, #20]
  53 001e 0022     		movs	r2, #0
  54 0020 1A71     		strb	r2, [r3, #4]
  12:encodercontrol.cpp **** 
  13:encodercontrol.cpp ****     // Init GPIO for A, and B
  14:encodercontrol.cpp ****     hw_a_.pin  = a;
  55              		.loc 1 14 16
  56 0022 7B69     		ldr	r3, [r7, #20]
  57 0024 3A8A     		ldrh	r2, [r7, #16]	@ movhi
  58 0026 1A83     		strh	r2, [r3, #24]	@ movhi
  15:encodercontrol.cpp ****     hw_a_.mode = DSY_GPIO_MODE_INPUT;
  59              		.loc 1 15 16
  60 0028 7B69     		ldr	r3, [r7, #20]
  61 002a 0022     		movs	r2, #0
  62 002c 9A76     		strb	r2, [r3, #26]
  16:encodercontrol.cpp ****     hw_a_.pull = DSY_GPIO_PULLUP;
  63              		.loc 1 16 16
  64 002e 7B69     		ldr	r3, [r7, #20]
  65 0030 0122     		movs	r2, #1
  66 0032 DA76     		strb	r2, [r3, #27]
  17:encodercontrol.cpp ****     hw_b_.pin  = b;
  67              		.loc 1 17 16
  68 0034 7B69     		ldr	r3, [r7, #20]
  69 0036 BA89     		ldrh	r2, [r7, #12]	@ movhi
  70 0038 9A83     		strh	r2, [r3, #28]	@ movhi
  18:encodercontrol.cpp ****     hw_b_.mode = DSY_GPIO_MODE_INPUT;
  71              		.loc 1 18 16
  72 003a 7B69     		ldr	r3, [r7, #20]
  73 003c 0022     		movs	r2, #0
  74 003e 9A77     		strb	r2, [r3, #30]
  19:encodercontrol.cpp ****     hw_b_.pull = DSY_GPIO_PULLUP;
  75              		.loc 1 19 16
  76 0040 7B69     		ldr	r3, [r7, #20]
  77 0042 0122     		movs	r2, #1
  78 0044 DA77     		strb	r2, [r3, #31]
  20:encodercontrol.cpp ****     dsy_gpio_init(&hw_a_);
  79              		.loc 1 20 19
  80 0046 7B69     		ldr	r3, [r7, #20]
  81 0048 1833     		adds	r3, r3, #24
  82              		.loc 1 20 18
  83 004a 1846     		mov	r0, r3
  84 004c FFF7FEFF 		bl	dsy_gpio_init
  21:encodercontrol.cpp ****     dsy_gpio_init(&hw_b_);
  85              		.loc 1 21 19
  86 0050 7B69     		ldr	r3, [r7, #20]
  87 0052 1C33     		adds	r3, r3, #28
  88              		.loc 1 21 18
  89 0054 1846     		mov	r0, r3
  90 0056 FFF7FEFF 		bl	dsy_gpio_init
  22:encodercontrol.cpp ****     // Default Initialization for Switch
  23:encodercontrol.cpp ****     // sw_.Init(click);
  24:encodercontrol.cpp ****     sw_.Init(click, 1000, daisy::Switch::TYPE_MOMENTARY, daisy::Switch::POLARITY_INVERTED, daisy::S
  91              		.loc 1 24 13
ARM GAS  C:\Users\jandr\AppData\Local\Temp\ccDMYtp9.s 			page 3


  92 005a 7B69     		ldr	r3, [r7, #20]
  93 005c 03F10800 		add	r0, r3, #8
  94 0060 0023     		movs	r3, #0
  95 0062 0093     		str	r3, [sp]
  96 0064 0123     		movs	r3, #1
  97 0066 0122     		movs	r2, #1
  98 0068 9FED0A0A 		vldr.32	s0, .L2
  99 006c B968     		ldr	r1, [r7, #8]
 100 006e FFF7FEFF 		bl	_ZN5daisy6Switch4InitE12dsy_gpio_pinfNS0_4TypeENS0_8PolarityENS0_4PullE
  25:encodercontrol.cpp ****     // Set initial states, etc.
  26:encodercontrol.cpp ****     inc_ = 0;
 101              		.loc 1 26 10
 102 0072 7B69     		ldr	r3, [r7, #20]
 103 0074 0022     		movs	r2, #0
 104 0076 5A62     		str	r2, [r3, #36]
  27:encodercontrol.cpp ****     a_ = b_ = 0xff;
 105              		.loc 1 27 13
 106 0078 7B69     		ldr	r3, [r7, #20]
 107 007a FF22     		movs	r2, #255
 108 007c 83F82120 		strb	r2, [r3, #33]
 109              		.loc 1 27 10
 110 0080 7B69     		ldr	r3, [r7, #20]
 111 0082 93F82120 		ldrb	r2, [r3, #33]	@ zero_extendqisi2
 112              		.loc 1 27 8
 113 0086 7B69     		ldr	r3, [r7, #20]
 114 0088 83F82020 		strb	r2, [r3, #32]
  28:encodercontrol.cpp **** }
 115              		.loc 1 28 1
 116 008c 00BF     		nop
 117 008e 1837     		adds	r7, r7, #24
 118              		.cfi_def_cfa_offset 8
 119 0090 BD46     		mov	sp, r7
 120              		.cfi_def_cfa_register 13
 121              		@ sp needed
 122 0092 80BD     		pop	{r7, pc}
 123              	.L3:
 124              		.align	2
 125              	.L2:
 126 0094 00007A44 		.word	1148846080
 127              		.cfi_endproc
 128              	.LFE618:
 130              		.section	.text._ZN5daisy11clasEncoder8DebounceEv,"ax",%progbits
 131              		.align	1
 132              		.global	_ZN5daisy11clasEncoder8DebounceEv
 133              		.syntax unified
 134              		.thumb
 135              		.thumb_func
 136              		.fpu fpv5-d16
 138              	_ZN5daisy11clasEncoder8DebounceEv:
 139              	.LFB619:
  29:encodercontrol.cpp **** 
  30:encodercontrol.cpp **** void clasEncoder::Debounce()
  31:encodercontrol.cpp **** {
 140              		.loc 1 31 1
 141              		.cfi_startproc
 142              		@ args = 0, pretend = 0, frame = 16
 143              		@ frame_needed = 1, uses_anonymous_args = 0
ARM GAS  C:\Users\jandr\AppData\Local\Temp\ccDMYtp9.s 			page 4


 144 0000 90B5     		push	{r4, r7, lr}
 145              		.cfi_def_cfa_offset 12
 146              		.cfi_offset 4, -12
 147              		.cfi_offset 7, -8
 148              		.cfi_offset 14, -4
 149 0002 85B0     		sub	sp, sp, #20
 150              		.cfi_def_cfa_offset 32
 151 0004 00AF     		add	r7, sp, #0
 152              		.cfi_def_cfa_register 7
 153 0006 7860     		str	r0, [r7, #4]
  32:encodercontrol.cpp ****     // update no faster than 1kHz
  33:encodercontrol.cpp ****     uint32_t now = System::GetNow();
 154              		.loc 1 33 34
 155 0008 FFF7FEFF 		bl	_ZN5daisy6System6GetNowEv
 156 000c F860     		str	r0, [r7, #12]
  34:encodercontrol.cpp ****     updated_     = false;
 157              		.loc 1 34 18
 158 000e 7B68     		ldr	r3, [r7, #4]
 159 0010 0022     		movs	r2, #0
 160 0012 1A71     		strb	r2, [r3, #4]
  35:encodercontrol.cpp **** 
  36:encodercontrol.cpp ****     if(now - last_update_ >= 1)
 161              		.loc 1 36 14
 162 0014 7B68     		ldr	r3, [r7, #4]
 163 0016 1B68     		ldr	r3, [r3]
 164              		.loc 1 36 5
 165 0018 FA68     		ldr	r2, [r7, #12]
 166 001a 9A42     		cmp	r2, r3
 167 001c 50D0     		beq	.L5
  37:encodercontrol.cpp ****     {
  38:encodercontrol.cpp ****         last_update_ = now;
 168              		.loc 1 38 22
 169 001e 7B68     		ldr	r3, [r7, #4]
 170 0020 FA68     		ldr	r2, [r7, #12]
 171 0022 1A60     		str	r2, [r3]
  39:encodercontrol.cpp ****         updated_     = true;
 172              		.loc 1 39 22
 173 0024 7B68     		ldr	r3, [r7, #4]
 174 0026 0122     		movs	r2, #1
 175 0028 1A71     		strb	r2, [r3, #4]
  40:encodercontrol.cpp **** 
  41:encodercontrol.cpp ****         // Shift Button states to debounce
  42:encodercontrol.cpp ****         a_ = (a_ << 1) | dsy_gpio_read(&hw_a_);
 176              		.loc 1 42 15
 177 002a 7B68     		ldr	r3, [r7, #4]
 178 002c 93F82030 		ldrb	r3, [r3, #32]	@ zero_extendqisi2
 179              		.loc 1 42 18
 180 0030 5B00     		lsls	r3, r3, #1
 181              		.loc 1 42 24
 182 0032 5CB2     		sxtb	r4, r3
 183              		.loc 1 42 40
 184 0034 7B68     		ldr	r3, [r7, #4]
 185 0036 1833     		adds	r3, r3, #24
 186              		.loc 1 42 39
 187 0038 1846     		mov	r0, r3
 188 003a FFF7FEFF 		bl	dsy_gpio_read
 189 003e 0346     		mov	r3, r0
ARM GAS  C:\Users\jandr\AppData\Local\Temp\ccDMYtp9.s 			page 5


 190 0040 5BB2     		sxtb	r3, r3
 191              		.loc 1 42 24
 192 0042 2343     		orrs	r3, r3, r4
 193 0044 5BB2     		sxtb	r3, r3
 194 0046 DAB2     		uxtb	r2, r3
 195              		.loc 1 42 12
 196 0048 7B68     		ldr	r3, [r7, #4]
 197 004a 83F82020 		strb	r2, [r3, #32]
  43:encodercontrol.cpp ****         b_ = (b_ << 1) | dsy_gpio_read(&hw_b_);
 198              		.loc 1 43 15
 199 004e 7B68     		ldr	r3, [r7, #4]
 200 0050 93F82130 		ldrb	r3, [r3, #33]	@ zero_extendqisi2
 201              		.loc 1 43 18
 202 0054 5B00     		lsls	r3, r3, #1
 203              		.loc 1 43 24
 204 0056 5CB2     		sxtb	r4, r3
 205              		.loc 1 43 40
 206 0058 7B68     		ldr	r3, [r7, #4]
 207 005a 1C33     		adds	r3, r3, #28
 208              		.loc 1 43 39
 209 005c 1846     		mov	r0, r3
 210 005e FFF7FEFF 		bl	dsy_gpio_read
 211 0062 0346     		mov	r3, r0
 212 0064 5BB2     		sxtb	r3, r3
 213              		.loc 1 43 24
 214 0066 2343     		orrs	r3, r3, r4
 215 0068 5BB2     		sxtb	r3, r3
 216 006a DAB2     		uxtb	r2, r3
 217              		.loc 1 43 12
 218 006c 7B68     		ldr	r3, [r7, #4]
 219 006e 83F82120 		strb	r2, [r3, #33]
  44:encodercontrol.cpp **** 
  45:encodercontrol.cpp ****         // infer increment direction
  46:encodercontrol.cpp ****         inc_ = 0; // reset inc_ first
 220              		.loc 1 46 14
 221 0072 7B68     		ldr	r3, [r7, #4]
 222 0074 0022     		movs	r2, #0
 223 0076 5A62     		str	r2, [r3, #36]
  47:encodercontrol.cpp ****         if((a_ & 0x03) == 0x02 && (b_ & 0x03) == 0x00)
 224              		.loc 1 47 13
 225 0078 7B68     		ldr	r3, [r7, #4]
 226 007a 93F82030 		ldrb	r3, [r3, #32]	@ zero_extendqisi2
 227              		.loc 1 47 16
 228 007e 03F00303 		and	r3, r3, #3
 229              		.loc 1 47 9
 230 0082 022B     		cmp	r3, #2
 231 0084 0AD1     		bne	.L6
 232              		.loc 1 47 36 discriminator 1
 233 0086 7B68     		ldr	r3, [r7, #4]
 234 0088 93F82130 		ldrb	r3, [r3, #33]	@ zero_extendqisi2
 235              		.loc 1 47 39 discriminator 1
 236 008c 03F00303 		and	r3, r3, #3
 237              		.loc 1 47 32 discriminator 1
 238 0090 002B     		cmp	r3, #0
 239 0092 03D1     		bne	.L6
  48:encodercontrol.cpp ****         {
  49:encodercontrol.cpp ****             inc_ = 1;
ARM GAS  C:\Users\jandr\AppData\Local\Temp\ccDMYtp9.s 			page 6


 240              		.loc 1 49 18
 241 0094 7B68     		ldr	r3, [r7, #4]
 242 0096 0122     		movs	r2, #1
 243 0098 5A62     		str	r2, [r3, #36]
 244 009a 11E0     		b	.L5
 245              	.L6:
  50:encodercontrol.cpp ****         }
  51:encodercontrol.cpp ****         else if((b_ & 0x03) == 0x02 && (a_ & 0x03) == 0x00)
 246              		.loc 1 51 18
 247 009c 7B68     		ldr	r3, [r7, #4]
 248 009e 93F82130 		ldrb	r3, [r3, #33]	@ zero_extendqisi2
 249              		.loc 1 51 21
 250 00a2 03F00303 		and	r3, r3, #3
 251              		.loc 1 51 14
 252 00a6 022B     		cmp	r3, #2
 253 00a8 0AD1     		bne	.L5
 254              		.loc 1 51 41 discriminator 1
 255 00aa 7B68     		ldr	r3, [r7, #4]
 256 00ac 93F82030 		ldrb	r3, [r3, #32]	@ zero_extendqisi2
 257              		.loc 1 51 44 discriminator 1
 258 00b0 03F00303 		and	r3, r3, #3
 259              		.loc 1 51 37 discriminator 1
 260 00b4 002B     		cmp	r3, #0
 261 00b6 03D1     		bne	.L5
  52:encodercontrol.cpp ****         {
  53:encodercontrol.cpp ****             inc_ = -1;
 262              		.loc 1 53 18
 263 00b8 7B68     		ldr	r3, [r7, #4]
 264 00ba 4FF0FF32 		mov	r2, #-1
 265 00be 5A62     		str	r2, [r3, #36]
 266              	.L5:
  54:encodercontrol.cpp ****         }
  55:encodercontrol.cpp ****     }
  56:encodercontrol.cpp **** 
  57:encodercontrol.cpp ****     // Debounce built-in switch
  58:encodercontrol.cpp ****     sw_.Debounce();
 267              		.loc 1 58 17
 268 00c0 7B68     		ldr	r3, [r7, #4]
 269 00c2 0833     		adds	r3, r3, #8
 270 00c4 1846     		mov	r0, r3
 271 00c6 FFF7FEFF 		bl	_ZN5daisy6Switch8DebounceEv
  59:encodercontrol.cpp **** }
 272              		.loc 1 59 1
 273 00ca 00BF     		nop
 274 00cc 1437     		adds	r7, r7, #20
 275              		.cfi_def_cfa_offset 12
 276 00ce BD46     		mov	sp, r7
 277              		.cfi_def_cfa_register 13
 278              		@ sp needed
 279 00d0 90BD     		pop	{r4, r7, pc}
 280              		.cfi_endproc
 281              	.LFE619:
 283              		.text
 284              	.Letext0:
 285              		.file 2 "c:\\program files\\daisytoolchain\\arm-none-eabi\\include\\machine\\_default_types.h"
 286              		.file 3 "c:\\program files\\daisytoolchain\\arm-none-eabi\\include\\sys\\_stdint.h"
 287              		.file 4 "c:\\program files\\daisytoolchain\\arm-none-eabi\\include\\stdint.h"
ARM GAS  C:\Users\jandr\AppData\Local\Temp\ccDMYtp9.s 			page 7


 288              		.file 5 "c:\\program files\\daisytoolchain\\lib\\gcc\\arm-none-eabi\\10.2.1\\include\\stddef.h"
 289              		.file 6 "c:\\program files\\daisytoolchain\\arm-none-eabi\\include\\c++\\10.2.1\\cmath"
 290              		.file 7 "c:\\program files\\daisytoolchain\\arm-none-eabi\\include\\c++\\10.2.1\\bits\\std_abs.h"
 291              		.file 8 "c:\\program files\\daisytoolchain\\arm-none-eabi\\include\\c++\\10.2.1\\cstdlib"
 292              		.file 9 "c:\\program files\\daisytoolchain\\arm-none-eabi\\include\\c++\\10.2.1\\cstdint"
 293              		.file 10 "c:\\program files\\daisytoolchain\\arm-none-eabi\\include\\c++\\10.2.1\\arm-none-eabi\\t
 294              		.file 11 "c:\\program files\\daisytoolchain\\arm-none-eabi\\include\\math.h"
 295              		.file 12 "c:\\program files\\daisytoolchain\\arm-none-eabi\\include\\stdlib.h"
 296              		.file 13 "c:\\program files\\daisytoolchain\\arm-none-eabi\\include\\c++\\10.2.1\\math.h"
 297              		.file 14 "c:\\program files\\daisytoolchain\\arm-none-eabi\\include\\c++\\10.2.1\\stdlib.h"
 298              		.file 15 "../../libDaisy//src/daisy_core.h"
 299              		.file 16 "../../libDaisy//src/per/tim.h"
 300              		.file 17 "../../libDaisy//src/sys/system.h"
 301              		.file 18 "../../libDaisy//src/hid/switch.h"
 302              		.file 19 "encodercontrol.h"
 303              		.file 20 "../../libDaisy//src/per/gpio.h"
 304              		.file 21 "<built-in>"
ARM GAS  C:\Users\jandr\AppData\Local\Temp\ccDMYtp9.s 			page 8


DEFINED SYMBOLS
                            *ABS*:00000000 encodercontrol.cpp
C:\Users\jandr\AppData\Local\Temp\ccDMYtp9.s:17     .text._ZN5daisy11clasEncoder4InitE12dsy_gpio_pinS1_S1_f:00000000 $t
C:\Users\jandr\AppData\Local\Temp\ccDMYtp9.s:25     .text._ZN5daisy11clasEncoder4InitE12dsy_gpio_pinS1_S1_f:00000000 _ZN5daisy11clasEncoder4InitE12dsy_gpio_pinS1_S1_f
C:\Users\jandr\AppData\Local\Temp\ccDMYtp9.s:126    .text._ZN5daisy11clasEncoder4InitE12dsy_gpio_pinS1_S1_f:00000094 $d
C:\Users\jandr\AppData\Local\Temp\ccDMYtp9.s:131    .text._ZN5daisy11clasEncoder8DebounceEv:00000000 $t
C:\Users\jandr\AppData\Local\Temp\ccDMYtp9.s:138    .text._ZN5daisy11clasEncoder8DebounceEv:00000000 _ZN5daisy11clasEncoder8DebounceEv

UNDEFINED SYMBOLS
_ZN5daisy6System6GetNowEv
dsy_gpio_init
_ZN5daisy6Switch4InitE12dsy_gpio_pinfNS0_4TypeENS0_8PolarityENS0_4PullE
dsy_gpio_read
_ZN5daisy6Switch8DebounceEv
